GENERATION PROCESS START

Calculations Started . . .
***** START GRID INITIALISATION *****

     OUTPUT:Skipped
    ACTION: Starting Grid Generated
     OUTPUT:Skipped
    Mex Output . Grid . . .Edge . . .Vertex . . .Cell . . .done !

    Mex Output . Grid . . .Edge . . .Vertex . . .Cell . . .done !
Reshaping
Grid Initialisation exited
Time taken:00:00:00:020
GENERATION PROCESS end
GRID REFINEMENT START

     OUTPUT:Skipped
Calculations Started . . .
***** START GRID REFINEMENT 1 of 1 *****

     OUTPUT:Skipped
    ACTION: Template Generated
    ACTION: Refinement Targets Identified
    ACTION: Edges Refined
			Start Cell 1 of 15 
			Start Cell 2 of 15 
			Start Cell 3 of 15 
			Start Cell 4 of 15 
			Start Cell 5 of 15 
			Start Cell 6 of 15 
			Start Cell 7 of 15 
			Start Cell 8 of 15 
			Start Cell 9 of 15 
			Start Cell 10 of 15 
			Start Cell 11 of 15 
			Start Cell 12 of 15 
			Start Cell 13 of 15 
			Start Cell 14 of 15 
			Start Cell 15 of 15 
    ACTION: Cells Refined
     OUTPUT:SkippedOutput Grid . . .Edge . . .Vertex . . .Cell . . .done !
Connect . . .Edge . . .Cell . . .Time taken:00:00:00:255
GRID REFINEMENT end
SNAKE PROCESS START
  Start initialisation
    Generate Cell Centred Grid
    Establish Cell Colume Information
    Find Border Vertices
    Initialise Snaxel Grid

ans = 

  <a href="matlab:helpPopup matlab.ui.Figure" style="font-weight:bold">Figure</a> (1) with properties:

      Number: 1
        Name: ''
       Color: [0.940000000000000 0.940000000000000 0.940000000000000]
    Position: [680 558 560 420]
       Units: 'pixels'

  Show <a href="matlab:if exist('ans', 'var'), matlab.graphics.internal.getForDisplay('ans', ans, 'matlab.ui.Figure'), else, matlab.graphics.internal.getForDisplay('ans'), end">all properties</a>

  Initialisation time:00:00:01:165
  Start Time Stepping
     Step 1  - DVol = 0.36167  Time Taken: 00:00:00:276
     Step 2  - DVol = 0.11054  Time Taken: 00:00:00:271
     Step 3  - DVol = 0.098897  Time Taken: 00:00:00:334
     Step 4  - DVol = 0.093331  Time Taken: 00:00:00:358
     Step 5  - DVol = 0.070774  Time Taken: 00:00:00:403
     Step 6  - DVol = 0.11004  Time Taken: 00:00:00:343
     Step 7  - DVol = 0.23242  Time Taken: 00:00:00:298
     Step 8  - DVol = 0.19672  Time Taken: 00:00:00:300
     Step 9  - DVol = 0.16934  Time Taken: 00:00:00:234
     Step 10  - DVol = 0.1399  Time Taken: 00:00:00:281
     Step 11  - DVol = 0.11512  Time Taken: 00:00:00:291
     Step 12  - DVol = 0.09892  Time Taken: 00:00:00:240
     Step 13  - DVol = 0.077956  Time Taken: 00:00:00:236
     Step 14  - DVol = 0.06276  Time Taken: 00:00:00:249
     Step 15  - DVol = 0.053272  Time Taken: 00:00:00:219
     Step 16  - DVol = 0.040654  Time Taken: 00:00:00:219
     Step 17  - DVol = 0.030491  Time Taken: 00:00:00:219
     Step 18  - DVol = 0.022868  Time Taken: 00:00:00:220
     Step 19  - DVol = 0.017151  Time Taken: 00:00:00:268
     Step 20  - DVol = 0.004343  Time Taken: 00:00:00:209
     Step 21  - DVol = 0.0076833  Time Taken: 00:00:00:198
     Step 22  - DVol = 0.0057561  Time Taken: 00:00:00:199
     Step 23  - DVol = 0.004315  Time Taken: 00:00:00:199
     Step 24  - DVol = 0.0032354  Time Taken: 00:00:00:198
     Step 25  - DVol = 0.0024262  Time Taken: 00:00:00:199
     Step 26  - DVol = 0.0018195  Time Taken: 00:00:00:200
     Step 27  - DVol = 0.0013646  Time Taken: 00:00:00:199
     Step 28  - DVol = 0.0010235  Time Taken: 00:00:00:202
     Step 29  - DVol = 0.00076759  Time Taken: 00:00:00:200
     Step 30  - DVol = 0.00057569  Time Taken: 00:00:00:199
     Step 31  - DVol = 0.00043177  Time Taken: 00:00:00:199
     Step 32  - DVol = 0.00032383  Time Taken: 00:00:00:200
     Step 33  - DVol = 0.00024287  Time Taken: 00:00:00:201
     Step 34  - DVol = 0.00018216  Time Taken: 00:00:00:201
     Step 35  - DVol = 0.00013662  Time Taken: 00:00:00:200
     Step 36  - DVol = 0.00010246  Time Taken: 00:00:00:199
     Step 37  - DVol = 7.6847e-05  Time Taken: 00:00:00:198
     Step 38  - DVol = 5.7636e-05  Time Taken: 00:00:00:201
     Step 39  - DVol = 4.3227e-05  Time Taken: 00:00:00:198
     Step 40  - DVol = 3.242e-05  Time Taken: 00:00:00:200
     Step 41  - DVol = 2.4315e-05  Time Taken: 00:00:00:198
     Step 42  - DVol = 1.8236e-05  Time Taken: 00:00:00:201
     Step 43  - DVol = 1.3677e-05  Time Taken: 00:00:00:201
     Step 44  - DVol = 1.0258e-05  Time Taken: 00:00:00:199
     Step 45  - DVol = 7.6934e-06  Time Taken: 00:00:00:198
     Step 46  - DVol = 5.7701e-06  Time Taken: 00:00:00:200
     Step 47  - DVol = 4.3276e-06  Time Taken: 00:00:00:199
     Step 48  - DVol = 3.2457e-06  Time Taken: 00:00:00:198
     Step 49  - DVol = 2.4343e-06  Time Taken: 00:00:00:199
     Step 50  - DVol = 1.8257e-06  Time Taken: 00:00:00:201
     Step 51  - DVol = 1.3693e-06  Time Taken: 00:00:00:199
     Step 52  - DVol = 1.027e-06  Time Taken: 00:00:00:201
     Step 53  - DVol = 7.7021e-07  Time Taken: 00:00:00:200
     Step 54  - DVol = 5.7766e-07  Time Taken: 00:00:00:197
     Step 55  - DVol = 4.3325e-07  Time Taken: 00:00:00:199
     Step 56  - DVol = 3.2493e-07  Time Taken: 00:00:00:199
     Step 57  - DVol = 2.437e-07  Time Taken: 00:00:00:199
     Step 58  - DVol = 1.8278e-07  Time Taken: 00:00:00:199
     Step 59  - DVol = 1.3708e-07  Time Taken: 00:00:00:199
     Step 60  - DVol = 1.0281e-07  Time Taken: 00:00:00:202
     Step 61  - DVol = 7.7108e-08  Time Taken: 00:00:00:199
     Step 62  - DVol = 5.7831e-08  Time Taken: 00:00:00:200
     Step 63  - DVol = 4.3373e-08  Time Taken: 00:00:00:201
     Step 64  - DVol = 3.253e-08  Time Taken: 00:00:00:199
     Step 65  - DVol = 2.4398e-08  Time Taken: 00:00:00:202
     Step 66  - DVol = 1.8298e-08  Time Taken: 00:00:00:200
     Step 67  - DVol = 1.3724e-08  Time Taken: 00:00:00:198
     Step 68  - DVol = 1.0293e-08  Time Taken: 00:00:00:200
     Step 69  - -  Snakes Converged!
  69 Steps Performed
  Iteration Time:00:00:15:267
  Volume converged to 7.71954e-09

ans = 

  <a href="matlab:helpPopup matlab.ui.Figure" style="font-weight:bold">Figure</a> (5) with properties:

      Number: 5
        Name: ''
       Color: [0.940000000000000 0.940000000000000 0.940000000000000]
    Position: [680 558 560 420]
       Units: 'pixels'

  Show <a href="matlab:if exist('ans', 'var'), matlab.graphics.internal.getForDisplay('ans', ans, 'matlab.ui.Figure'), else, matlab.graphics.internal.getForDisplay('ans'), end">all properties</a>

Time taken:00:00:17:122
SNAKE PROCESS END
